2022-02-11 21:03:00,559 || INFO || Thread 1: Client successfully connected to Server at 127.0.0.1:12345 || __main__
2022-02-11 21:03:00,559 || INFO || Thread 1: Client sent data: b'CLIENT_DATA_MESSAGE' || __main__
2022-02-11 21:03:20,569 || ERROR || Thread 1: Did not receive a reply from server in 20 seconds. Initating Heartbeat || __main__
2022-02-19 10:31:37,586 || WARNING || Thread 1: Client failed to find IP Address 125.0.2.6 || __main__
2022-02-19 11:04:37,150 || WARNING || Thread 1: 127.0.0.1 was located but connection was actively refused on port 12345 || __main__
2022-02-19 11:05:25,536 || INFO || Thread 1: Client successfully connected to Server at 127.0.0.1:12345 || __main__
2022-02-19 11:05:25,537 || INFO || Thread 1: Client sent data: b'CLIENT_DATA_MESSAGE' || __main__
2022-02-19 11:05:45,543 || ERROR || Thread 1: Did not receive a reply from server in 20 seconds. Initating Heartbeat || __main__
2022-02-19 18:23:49,134 || WARNING || Thread 1: Client failed to find IP Address 192.168.10.10 || __main__
2022-02-19 18:25:27,488 || WARNING || Thread 1: 192.168.0.50 was located but connection was actively refused on port 12345 || __main__
2022-02-19 18:25:46,321 || WARNING || Thread 1: 192.168.0.50 was located but connection was actively refused on port 12345 || __main__
2022-02-19 18:27:46,452 || WARNING || Thread 1: Client failed to find IP Address 192.168.50.50 || __main__
2022-02-19 18:44:59,153 || INFO || Thread 1: Client successfully connected to Server at 127.0.0.1:12345 || __main__
2022-02-19 18:44:59,154 || INFO || Thread 1: Client sent data: b'CLIENT_DATA_MESSAGE' || __main__
2022-02-19 18:45:19,154 || ERROR || Thread 1: Did not receive a reply from server in 20 seconds. Initating Heartbeat || __main__
2022-02-19 18:45:38,226 || INFO || Thread 1: Client successfully connected to Server at 127.0.0.1:12345 || __main__
2022-02-19 18:45:38,226 || INFO || Thread 1: Client sent data: b'CLIENT_DATA_MESSAGE' || __main__
2022-02-19 18:45:38,227 || INFO || Thread 1: Successful Tx/Rx. Client sent: 'b'CLIENT_DATA_MESSAGE'' Server replied: 'SERVER_DATA_REPLY' || __main__
2022-02-19 18:45:48,241 || INFO || Thread 1: Client sent data: b'CLIENT_DATA_MESSAGE' || __main__
2022-02-19 18:45:48,241 || INFO || Thread 1: Successful Tx/Rx. Client sent: 'b'CLIENT_DATA_MESSAGE'' Server replied: 'SERVER_DATA_REPLY' || __main__
2022-02-19 18:45:58,243 || INFO || Thread 1: Client sent data: b'CLIENT_DATA_MESSAGE' || __main__
2022-02-19 18:45:58,243 || INFO || Thread 1: Successful Tx/Rx. Client sent: 'b'CLIENT_DATA_MESSAGE'' Server replied: 'SERVER_DATA_REPLY' || __main__
2022-02-19 18:46:08,249 || INFO || Thread 1: Client sent data: b'CLIENT_DATA_MESSAGE' || __main__
2022-02-19 18:46:08,250 || INFO || Thread 1: Successful Tx/Rx. Client sent: 'b'CLIENT_DATA_MESSAGE'' Server replied: 'SERVER_DATA_REPLY' || __main__
2022-02-19 18:46:18,264 || INFO || Thread 1: Client sent data: b'CLIENT_DATA_MESSAGE' || __main__
2022-02-19 18:46:18,264 || INFO || Thread 1: Successful Tx/Rx. Client sent: 'b'CLIENT_DATA_MESSAGE'' Server replied: 'SERVER_DATA_REPLY' || __main__
2022-02-19 18:46:28,278 || INFO || Thread 1: Client sent data: b'CLIENT_DATA_MESSAGE' || __main__
2022-02-19 18:46:28,279 || INFO || Thread 1: Successful Tx/Rx. Client sent: 'b'CLIENT_DATA_MESSAGE'' Server replied: 'SERVER_DATA_REPLY' || __main__
2022-02-19 18:46:38,289 || INFO || Thread 1: Client sent data: b'CLIENT_DATA_MESSAGE' || __main__
2022-02-19 18:46:38,289 || INFO || Thread 1: Successful Tx/Rx. Client sent: 'b'CLIENT_DATA_MESSAGE'' Server replied: 'SERVER_DATA_REPLY' || __main__
2022-02-19 18:46:48,302 || INFO || Thread 1: Client sent data: b'CLIENT_DATA_MESSAGE' || __main__
2022-02-19 18:46:48,302 || INFO || Thread 1: Successful Tx/Rx. Client sent: 'b'CLIENT_DATA_MESSAGE'' Server replied: 'SERVER_DATA_REPLY' || __main__
2022-02-19 18:48:42,167 || INFO || Thread 1: Client successfully connected to Server at 127.0.0.1:12345 || __main__
2022-02-19 18:48:42,168 || INFO || Thread 1: Client sent data: b'CLIENT_DATA_MESSAGE' || __main__
2022-02-19 18:48:42,168 || INFO || Thread 1: Successful Tx/Rx. Client sent: 'b'CLIENT_DATA_MESSAGE'' Server replied: 'SERVER_DATA_REPLY' || __main__
2022-02-19 18:48:52,181 || INFO || Thread 1: Client sent data: b'CLIENT_DATA_MESSAGE' || __main__
2022-02-19 18:48:52,181 || INFO || Thread 1: Successful Tx/Rx. Client sent: 'b'CLIENT_DATA_MESSAGE'' Server replied: 'SERVER_DATA_REPLY' || __main__
2022-02-19 18:49:02,196 || INFO || Thread 1: Client sent data: b'CLIENT_DATA_MESSAGE' || __main__
2022-02-19 18:49:02,196 || INFO || Thread 1: Successful Tx/Rx. Client sent: 'b'CLIENT_DATA_MESSAGE'' Server replied: 'SERVER_DATA_REPLY' || __main__
2022-02-19 18:49:12,205 || INFO || Thread 1: Client sent data: b'CLIENT_DATA_MESSAGE' || __main__
2022-02-19 18:49:12,205 || INFO || Thread 1: Successful Tx/Rx. Client sent: 'b'CLIENT_DATA_MESSAGE'' Server replied: 'SERVER_DATA_REPLY' || __main__
2022-02-19 18:49:22,213 || INFO || Thread 1: Client sent data: b'CLIENT_DATA_MESSAGE' || __main__
2022-02-19 18:49:22,213 || INFO || Thread 1: Successful Tx/Rx. Client sent: 'b'CLIENT_DATA_MESSAGE'' Server replied: 'SERVER_DATA_REPLY' || __main__
2022-02-19 18:49:32,220 || INFO || Thread 1: Client sent data: b'CLIENT_DATA_MESSAGE' || __main__
2022-02-19 18:49:32,221 || INFO || Thread 1: Successful Tx/Rx. Client sent: 'b'CLIENT_DATA_MESSAGE'' Server replied: 'SERVER_DATA_REPLY' || __main__
2022-02-19 18:49:42,235 || INFO || Thread 1: Client sent data: b'CLIENT_DATA_MESSAGE' || __main__
2022-02-19 18:49:42,235 || INFO || Thread 1: Successful Tx/Rx. Client sent: 'b'CLIENT_DATA_MESSAGE'' Server replied: 'SERVER_DATA_REPLY' || __main__
2022-02-19 18:49:52,244 || INFO || Thread 1: Client sent data: b'CLIENT_DATA_MESSAGE' || __main__
2022-02-19 18:49:52,244 || INFO || Thread 1: Successful Tx/Rx. Client sent: 'b'CLIENT_DATA_MESSAGE'' Server replied: 'SERVER_DATA_REPLY' || __main__
2022-02-19 18:50:02,248 || INFO || Thread 1: Client sent data: b'CLIENT_DATA_MESSAGE' || __main__
2022-02-19 18:50:02,249 || INFO || Thread 1: Successful Tx/Rx. Client sent: 'b'CLIENT_DATA_MESSAGE'' Server replied: 'SERVER_DATA_REPLY' || __main__
2022-02-19 18:50:12,264 || INFO || Thread 1: Client sent data: b'CLIENT_DATA_MESSAGE' || __main__
2022-02-19 18:50:12,264 || INFO || Thread 1: Successful Tx/Rx. Client sent: 'b'CLIENT_DATA_MESSAGE'' Server replied: 'SERVER_DATA_REPLY' || __main__
2022-02-19 18:50:22,266 || INFO || Thread 1: Client sent data: b'CLIENT_DATA_MESSAGE' || __main__
2022-02-19 18:50:22,266 || INFO || Thread 1: Successful Tx/Rx. Client sent: 'b'CLIENT_DATA_MESSAGE'' Server replied: 'SERVER_DATA_REPLY' || __main__
2022-02-19 19:04:47,887 || INFO || Thread 1: Client successfully connected to Server at 127.0.0.1:12345 || __main__
2022-02-19 19:04:47,888 || INFO || Thread 1: Client sent data: b'CLIENT_DATA_MESSAGE' || __main__
2022-02-19 19:05:07,890 || ERROR || Thread 1: Did not receive a reply from server in 20 seconds. Initating Heartbeat || __main__
2022-02-19 19:06:00,051 || INFO || Thread 1: Client successfully connected to Server at 127.0.0.1:12345 || __main__
2022-02-19 19:06:00,052 || INFO || Thread 1: Client sent data: b'CLIENT_DATA_MESSAGE' || __main__
2022-02-19 19:06:20,052 || ERROR || Thread 1: Did not receive a reply from server in 20 seconds. Initating Heartbeat || __main__
2022-02-19 19:06:25,066 || INFO || Thread 2: Client sent heartbeat: b'MSG_HEARTBEAT' || __main__
2022-02-19 19:06:25,067 || INFO || Thread 2: Successful Tx/Rx. Client sent: 'b'MSG_HEARTBEAT'' Server replied: '' || __main__
2022-02-19 19:06:30,072 || INFO || Thread 2: Client sent heartbeat: b'MSG_HEARTBEAT' || __main__
2022-02-19 19:07:05,387 || INFO || Thread 1: Client successfully connected to Server at 127.0.0.1:12345 || __main__
2022-02-19 19:07:05,388 || INFO || Thread 1: Client sent data: b'CLIENT_DATA_MESSAGE' || __main__
2022-02-19 19:07:25,395 || ERROR || Thread 1: Did not receive a reply from server in 20 seconds. Initating Heartbeat || __main__
2022-02-19 19:07:25,396 || INFO || Thread 2: Client sent heartbeat: b'MSG_HEARTBEAT' || __main__
2022-02-19 19:07:25,397 || INFO || Thread 2: Successful Tx/Rx. Client sent: 'b'MSG_HEARTBEAT'' Server replied: '' || __main__
2022-02-19 19:07:30,404 || INFO || Thread 2: Client sent heartbeat: b'MSG_HEARTBEAT' || __main__
2022-02-19 20:01:14,664 || INFO || Thread 1: Client successfully connected to Server at 127.0.0.1:12345 || __main__
2022-02-19 20:01:14,665 || INFO || Thread 1: Client sent data: b'CLIENT_DATA_MESSAGE' || __main__
2022-02-19 20:01:34,666 || ERROR || Thread 1: Did not receive a reply from server in 20 seconds. Initating Heartbeat || __main__
2022-02-19 20:01:34,667 || INFO || Thread 2: Client sent heartbeat: b'MSG_HEARTBEAT' || __main__
2022-02-19 20:01:34,668 || INFO || Thread 2: Successful Tx/Rx. Client sent: 'b'MSG_HEARTBEAT'' Server replied: '' || __main__
2022-02-19 20:01:39,669 || INFO || Thread 2: Client sent heartbeat: b'MSG_HEARTBEAT' || __main__
2022-02-20 08:20:02,737 || INFO || Thread 1: Client successfully connected to Server at 192.168.0.50:12345 || __main__
2022-02-20 08:20:02,737 || INFO || Thread 1: Client sent data: b'CLIENT_DATA_MESSAGE' || __main__
2022-02-20 08:20:22,742 || ERROR || Thread 1: Did not receive a reply from server in 20 seconds. Initating Heartbeat || __main__
2022-02-20 08:20:22,742 || INFO || Thread 2: Client sent heartbeat: b'MSG_HEARTBEAT' || __main__
2022-02-20 08:20:23,743 || INFO || Thread 2: Successful Tx/Rx. Client sent: 'b'MSG_HEARTBEAT'' Server replied: 'MSG_HEARTBEAT' || __main__
2022-02-20 08:20:28,760 || INFO || Thread 2: Client sent heartbeat: b'MSG_HEARTBEAT' || __main__
2022-02-20 08:20:28,761 || INFO || Thread 2: Successful Tx/Rx. Client sent: 'b'MSG_HEARTBEAT'' Server replied: 'MSG_HEARTBEAT' || __main__
2022-02-20 08:22:00,170 || INFO || Thread 1: Client successfully connected to Server at 127.0.0.1:12345 || __main__
2022-02-20 08:22:00,170 || INFO || Thread 1: Client sent data: b'CLIENT_DATA_MESSAGE' || __main__
2022-02-20 08:22:00,170 || INFO || Thread 1: Successful Tx/Rx. Client sent: 'b'CLIENT_DATA_MESSAGE'' Server replied: 'SERVER_DATA_REPLY' || __main__
2022-02-20 08:22:10,188 || INFO || Thread 1: Client sent data: b'CLIENT_DATA_MESSAGE' || __main__
2022-02-20 08:22:10,188 || INFO || Thread 1: Successful Tx/Rx. Client sent: 'b'CLIENT_DATA_MESSAGE'' Server replied: 'SERVER_DATA_REPLY' || __main__
2022-02-20 08:23:56,409 || INFO || Thread 1: Client successfully connected to Server at 127.0.0.1:12345 || __main__
2022-02-20 08:23:56,409 || INFO || Thread 1: Client sent data: b'CLIENT_DATA_MESSAGE' || __main__
2022-02-20 08:23:56,410 || INFO || Thread 1: Successful Tx/Rx. Client sent: 'b'CLIENT_DATA_MESSAGE'' Server replied: 'SERVER_DATA_REPLY' || __main__
2022-02-20 08:24:06,415 || INFO || Thread 1: Client sent data: b'CLIENT_DATA_MESSAGE' || __main__
2022-02-20 08:24:06,415 || INFO || Thread 1: Successful Tx/Rx. Client sent: 'b'CLIENT_DATA_MESSAGE'' Server replied: 'SERVER_DATA_REPLY' || __main__
2022-02-20 08:24:16,426 || INFO || Thread 1: Client sent data: b'CLIENT_DATA_MESSAGE' || __main__
2022-02-20 08:24:16,426 || INFO || Thread 1: Successful Tx/Rx. Client sent: 'b'CLIENT_DATA_MESSAGE'' Server replied: 'SERVER_DATA_REPLY' || __main__
2022-02-20 08:24:26,435 || INFO || Thread 1: Client sent data: b'CLIENT_DATA_MESSAGE' || __main__
2022-02-20 08:24:26,435 || INFO || Thread 1: Successful Tx/Rx. Client sent: 'b'CLIENT_DATA_MESSAGE'' Server replied: 'SERVER_DATA_REPLY' || __main__
2022-02-20 08:24:36,442 || INFO || Thread 1: Client sent data: b'CLIENT_DATA_MESSAGE' || __main__
2022-02-20 08:24:36,442 || INFO || Thread 1: Successful Tx/Rx. Client sent: 'b'CLIENT_DATA_MESSAGE'' Server replied: 'SERVER_DATA_REPLY' || __main__
2022-02-20 08:24:46,448 || INFO || Thread 1: Client sent data: b'CLIENT_DATA_MESSAGE' || __main__
2022-02-20 08:24:46,448 || INFO || Thread 1: Successful Tx/Rx. Client sent: 'b'CLIENT_DATA_MESSAGE'' Server replied: 'SERVER_DATA_REPLY' || __main__
2022-02-20 08:24:56,467 || INFO || Thread 1: Client sent data: b'CLIENT_DATA_MESSAGE' || __main__
2022-02-20 08:24:56,467 || INFO || Thread 1: Successful Tx/Rx. Client sent: 'b'CLIENT_DATA_MESSAGE'' Server replied: 'SERVER_DATA_REPLY' || __main__
2022-02-20 08:25:06,474 || INFO || Thread 1: Client sent data: b'CLIENT_DATA_MESSAGE' || __main__
2022-02-20 08:25:06,474 || INFO || Thread 1: Successful Tx/Rx. Client sent: 'b'CLIENT_DATA_MESSAGE'' Server replied: 'SERVER_DATA_REPLY' || __main__
2022-02-20 08:25:16,481 || INFO || Thread 1: Client sent data: b'CLIENT_DATA_MESSAGE' || __main__
2022-02-20 08:25:16,481 || INFO || Thread 1: Successful Tx/Rx. Client sent: 'b'CLIENT_DATA_MESSAGE'' Server replied: 'SERVER_DATA_REPLY' || __main__
2022-02-20 08:25:26,483 || INFO || Thread 1: Client sent data: b'CLIENT_DATA_MESSAGE' || __main__
2022-02-20 08:25:26,483 || INFO || Thread 1: Successful Tx/Rx. Client sent: 'b'CLIENT_DATA_MESSAGE'' Server replied: 'SERVER_DATA_REPLY' || __main__
2022-02-20 08:25:36,490 || INFO || Thread 1: Client sent data: b'CLIENT_DATA_MESSAGE' || __main__
2022-02-20 08:25:36,490 || INFO || Thread 1: Successful Tx/Rx. Client sent: 'b'CLIENT_DATA_MESSAGE'' Server replied: 'SERVER_DATA_REPLY' || __main__
2022-02-20 08:25:46,497 || INFO || Thread 1: Client sent data: b'CLIENT_DATA_MESSAGE' || __main__
2022-02-20 08:25:46,497 || INFO || Thread 1: Successful Tx/Rx. Client sent: 'b'CLIENT_DATA_MESSAGE'' Server replied: 'SERVER_DATA_REPLY' || __main__
2022-02-20 08:25:56,504 || INFO || Thread 1: Client sent data: b'CLIENT_DATA_MESSAGE' || __main__
2022-02-20 08:25:56,504 || INFO || Thread 1: Successful Tx/Rx. Client sent: 'b'CLIENT_DATA_MESSAGE'' Server replied: 'SERVER_DATA_REPLY' || __main__
2022-02-20 08:26:06,507 || INFO || Thread 1: Client sent data: b'CLIENT_DATA_MESSAGE' || __main__
2022-02-20 08:26:06,507 || INFO || Thread 1: Successful Tx/Rx. Client sent: 'b'CLIENT_DATA_MESSAGE'' Server replied: 'SERVER_DATA_REPLY' || __main__
2022-02-20 08:26:16,511 || INFO || Thread 1: Client sent data: b'CLIENT_DATA_MESSAGE' || __main__
2022-02-20 08:26:16,511 || INFO || Thread 1: Successful Tx/Rx. Client sent: 'b'CLIENT_DATA_MESSAGE'' Server replied: 'SERVER_DATA_REPLY' || __main__
2022-02-20 08:34:49,473 || INFO || Thread 1: Client successfully connected to Server at 127.0.0.1:12345 || __main__
2022-02-20 08:34:49,473 || INFO || Thread 1: Client sent data: b'CLIENT_DATA_MESSAGE' || __main__
2022-02-20 08:35:32,436 || INFO || Thread 1: Client successfully connected to Server at 127.0.0.1:12345 || __main__
2022-02-20 08:35:32,436 || INFO || Thread 1: Client sent data: b'CLIENT_DATA_MESSAGE' || __main__
2022-02-20 08:35:52,449 || ERROR || Thread 1: Did not receive a reply from server in 20 seconds. Initating Heartbeat || __main__
2022-02-20 08:35:52,449 || INFO || Thread 2: Client sent heartbeat: b'MSG_HEARTBEAT' || __main__
2022-02-20 08:35:53,452 || INFO || Thread 2: Successful Tx/Rx. Client sent: 'b'MSG_HEARTBEAT'' Server replied: 'MSG_HEARTBEAT' || __main__
2022-02-20 08:35:58,454 || INFO || Thread 2: Client sent heartbeat: b'MSG_HEARTBEAT' || __main__
2022-02-20 08:35:58,454 || INFO || Thread 2: Successful Tx/Rx. Client sent: 'b'MSG_HEARTBEAT'' Server replied: 'MSG_HEARTBEAT' || __main__
2022-02-20 08:36:03,460 || INFO || Thread 2: Client sent heartbeat: b'MSG_HEARTBEAT' || __main__
2022-02-20 08:36:03,460 || INFO || Thread 2: Successful Tx/Rx. Client sent: 'b'MSG_HEARTBEAT'' Server replied: 'MSG_HEARTBEAT' || __main__
2022-02-20 08:36:08,466 || INFO || Thread 2: Client sent heartbeat: b'MSG_HEARTBEAT' || __main__
2022-02-20 08:36:08,466 || INFO || Thread 2: Successful Tx/Rx. Client sent: 'b'MSG_HEARTBEAT'' Server replied: 'MSG_HEARTBEAT' || __main__
